c:\users\hp\desktop\c assgn\computergraphicsproject\f1_project_lib\f1_project_lib\x64\release\vc143.pdb
c:\users\hp\desktop\c assgn\computergraphicsproject\f1_project_lib\f1_project_lib\x64\release\shader.obj
c:\users\hp\desktop\c assgn\computergraphicsproject\f1_project_lib\f1_project_lib\x64\release\model.obj
c:\users\hp\desktop\c assgn\computergraphicsproject\f1_project_lib\f1_project_lib\x64\release\mesh.obj
c:\users\hp\desktop\c assgn\computergraphicsproject\f1_project_lib\f1_project_lib\x64\release\main.obj
c:\users\hp\desktop\c assgn\computergraphicsproject\f1_project_lib\x64\release\assimp-vc143-mt.dll
c:\users\hp\desktop\c assgn\computergraphicsproject\f1_project_lib\x64\release\poly2tri.dll
c:\users\hp\desktop\c assgn\computergraphicsproject\f1_project_lib\x64\release\minizip.dll
c:\users\hp\desktop\c assgn\computergraphicsproject\f1_project_lib\x64\release\zlib1.dll
c:\users\hp\desktop\c assgn\computergraphicsproject\f1_project_lib\x64\release\pugixml.dll
c:\users\hp\desktop\c assgn\computergraphicsproject\f1_project_lib\x64\release\glfw3.dll
c:\users\hp\desktop\c assgn\computergraphicsproject\f1_project_lib\x64\release\f1_project_lib.exe
c:\users\hp\desktop\c assgn\computergraphicsproject\f1_project_lib\x64\release\f1_project_lib.pdb
c:\users\hp\desktop\c assgn\computergraphicsproject\f1_project_lib\f1_project_lib\x64\release\f1_project_lib.ipdb
c:\users\hp\desktop\c assgn\computergraphicsproject\f1_project_lib\f1_project_lib\x64\release\f1_project_lib.iobj
c:\users\hp\desktop\c assgn\computergraphicsproject\f1_project_lib\f1_project_lib\x64\release\mcl35m_2.obj
c:\users\hp\desktop\c assgn\computergraphicsproject\f1_project_lib\f1_project_lib\x64\release\f1_project_lib.tlog\cl.command.1.tlog
c:\users\hp\desktop\c assgn\computergraphicsproject\f1_project_lib\f1_project_lib\x64\release\f1_project_lib.tlog\cl.items.tlog
c:\users\hp\desktop\c assgn\computergraphicsproject\f1_project_lib\f1_project_lib\x64\release\f1_project_lib.tlog\cl.read.1.tlog
c:\users\hp\desktop\c assgn\computergraphicsproject\f1_project_lib\f1_project_lib\x64\release\f1_project_lib.tlog\cl.write.1.tlog
c:\users\hp\desktop\c assgn\computergraphicsproject\f1_project_lib\f1_project_lib\x64\release\f1_project_lib.tlog\f1_project_lib.write.1u.tlog
c:\users\hp\desktop\c assgn\computergraphicsproject\f1_project_lib\f1_project_lib\x64\release\f1_project_lib.tlog\link.command.1.tlog
c:\users\hp\desktop\c assgn\computergraphicsproject\f1_project_lib\f1_project_lib\x64\release\f1_project_lib.tlog\link.read.1.tlog
c:\users\hp\desktop\c assgn\computergraphicsproject\f1_project_lib\f1_project_lib\x64\release\f1_project_lib.tlog\link.secondary.1.tlog
c:\users\hp\desktop\c assgn\computergraphicsproject\f1_project_lib\f1_project_lib\x64\release\f1_project_lib.tlog\link.write.1.tlog
